Info: Generated by version: 18.1 build 222
Info: Starting: Create block symbol file (.bsf)
Info: qsys-generate H:\X200\SDI_3G\9.22\X200_SDIINx4_PCB1.0_V1.01_240922\src\main\pll_sys\pll_sys.ip --block-symbol-file --output-directory=H:\X200\SDI_3G\9.22\X200_SDIINx4_PCB1.0_V1.01_240922\src\main\pll_sys\pll_sys --family="Cyclone 10 GX" --part=10CX220YF780E6G
Info: pll_sys.iopll_0: Able to implement PLL with user settings
Info: qsys-generate succeeded.
Info: Finished: Create block symbol file (.bsf)
Info: 
Info: Starting: Create HDL design files for synthesis
Info: qsys-generate H:\X200\SDI_3G\9.22\X200_SDIINx4_PCB1.0_V1.01_240922\src\main\pll_sys\pll_sys.ip --synthesis=VHDL --output-directory=H:\X200\SDI_3G\9.22\X200_SDIINx4_PCB1.0_V1.01_240922\src\main\pll_sys\pll_sys --family="Cyclone 10 GX" --part=10CX220YF780E6G
Info: pll_sys.iopll_0: Able to implement PLL with user settings
Info: pll_sys: "Transforming system: pll_sys"
Info: pll_sys: "Naming system components in system: pll_sys"
Info: pll_sys: "Processing generation queue"
Info: pll_sys: "Generating: pll_sys"
Info: pll_sys: "Generating: pll_sys_altera_iopll_181_vhfppla"
Info: pll_sys: Done "pll_sys" with 2 modules, 2 files
Info: qsys-generate succeeded.
Info: Finished: Create HDL design files for synthesis
Info: Starting: Generate IP Core Documentation
Info: No documentation filesets were found for components in pll_sys. No files generated.
Info: Finished: Generate IP Core Documentation
